2017-06-05 18:37:06 INFO  Main:158 - 

	Processing sentence (1-10) : a computer programmer be a person who make computer program use a programming language
2017-06-05 18:37:08 INFO  Main:384 - CLAUSIE PROPOSITIONS
2017-06-05 18:37:08 INFO  Main:400 - 	(a person,make,computer program use a programming language)
2017-06-05 18:37:08 INFO  Main:400 - 	(computer program,use,a programming language)
2017-06-05 18:37:11 INFO  EntityOpts:105 - Text = programmer
2017-06-05 18:37:11 INFO  EntityOpts:106 - Uris = [http://dbpedia.org/resource/Programmer]
2017-06-05 18:37:11 INFO  EntityOpts:105 - Text = programming language
2017-06-05 18:37:11 INFO  EntityOpts:106 - Uris = [http://dbpedia.org/resource/Programming_language]
2017-06-05 18:37:11 INFO  EntityOpts:105 - Text = computer programming
2017-06-05 18:37:11 INFO  EntityOpts:106 - Uris = [http://dbpedia.org/resource/Computer_programming]
2017-06-05 18:37:11 INFO  EntityOpts:105 - Text = computer program
2017-06-05 18:37:11 INFO  EntityOpts:106 - Uris = [http://dbpedia.org/resource/Computer_program]
2017-06-05 18:37:11 INFO  EntityOpts:105 - Text = computer software
2017-06-05 18:37:11 INFO  EntityOpts:106 - Uris = [http://dbpedia.org/resource/Computer_software]
2017-06-05 18:37:11 INFO  EntityOpts:105 - Text = language
2017-06-05 18:37:11 INFO  EntityOpts:106 - Uris = [http://dbpedia.org/resource/Language]
2017-06-05 18:37:11 INFO  EntityOpts:105 - Text = computer
2017-06-05 18:37:11 INFO  EntityOpts:106 - Uris = [http://dbpedia.org/resource/Computer]
2017-06-05 18:37:11 INFO  EntityOpts:105 - Text = computer program
2017-06-05 18:37:11 INFO  EntityOpts:106 - Uris = [http://dbpedia.org/resource/Computer_program]
2017-06-05 18:37:11 INFO  EntityOpts:105 - Text = computer
2017-06-05 18:37:11 INFO  EntityOpts:106 - Uris = [http://dbpedia.org/resource/Computer]
2017-06-05 18:37:11 INFO  EntityOpts:105 - Text = computer
2017-06-05 18:37:11 INFO  EntityOpts:106 - Uris = [http://dbpedia.org/resource/Computer]
2017-06-05 18:37:11 INFO  EntityOpts:105 - Text = algorithm
2017-06-05 18:37:11 INFO  EntityOpts:106 - Uris = [http://dbpedia.org/resource/Algorithm]
2017-06-05 18:37:11 INFO  EntityOpts:105 - Text = programming language
2017-06-05 18:37:11 INFO  EntityOpts:106 - Uris = [http://dbpedia.org/resource/Programming_language]
2017-06-05 18:37:11 INFO  EntityOpts:105 - Text = source code
2017-06-05 18:37:11 INFO  EntityOpts:106 - Uris = [http://dbpedia.org/resource/Source_code]
2017-06-05 18:37:11 INFO  Main:230 - =============Search and create type triples =======================
2017-06-05 18:37:12 INFO  QueryWiBi:78 - content: 
2017-06-05 18:37:12 INFO  QueryWiBi:82 -    [http://wibitaxonomy.org/Person]
2017-06-05 18:37:12 INFO  QueryWiBi:78 - content: 
2017-06-05 18:37:12 INFO  QueryWiBi:82 -    [http://wibitaxonomy.org/Formal_language]
2017-06-05 18:37:13 INFO  QueryWiBi:78 - content: 
2017-06-05 18:37:13 INFO  QueryWiBi:82 -    [http://wibitaxonomy.org/Process_(science)]
2017-06-05 18:37:13 INFO  QueryWiBi:78 - content: 
2017-06-05 18:37:13 INFO  QueryWiBi:82 -    [http://wibitaxonomy.org/Sequence]
2017-06-05 18:37:13 INFO  QueryWiBi:78 - content: 
2017-06-05 18:37:13 INFO  QueryWiBi:82 -    [http://wibitaxonomy.org/Company_(law)]
2017-06-05 18:37:14 INFO  QueryWiBi:78 - content: 
2017-06-05 18:37:14 INFO  QueryWiBi:82 -    [http://wibitaxonomy.org/Dialect]
2017-06-05 18:37:14 INFO  QueryWiBi:78 - content: 
2017-06-05 18:37:14 INFO  QueryWiBi:82 -    [http://wibitaxonomy.org/Peripheral_device]
2017-06-05 18:37:14 INFO  QueryWiBi:78 - content: 
2017-06-05 18:37:14 INFO  QueryWiBi:82 -    [http://wibitaxonomy.org/Sequence]
2017-06-05 18:37:14 INFO  QueryWiBi:78 - content: 
2017-06-05 18:37:14 INFO  QueryWiBi:82 -    [http://wibitaxonomy.org/Peripheral_device]
2017-06-05 18:37:15 INFO  QueryWiBi:78 - content: 
2017-06-05 18:37:15 INFO  QueryWiBi:82 -    [http://wibitaxonomy.org/Peripheral_device]
2017-06-05 18:37:15 INFO  QueryWiBi:78 - content: 
2017-06-05 18:37:15 INFO  QueryWiBi:82 -    [http://wibitaxonomy.org/Procedure_(computing)]
2017-06-05 18:37:15 INFO  QueryWiBi:78 - content: 
2017-06-05 18:37:15 INFO  QueryWiBi:82 -    [http://wibitaxonomy.org/Formal_language]
2017-06-05 18:37:16 INFO  QueryWiBi:78 - content: 
2017-06-05 18:37:16 INFO  QueryWiBi:82 -    [http://wibitaxonomy.org/Instruction_(computer_science)]
2017-06-05 18:37:16 INFO  Main:239 - =============look for named entities=======================
2017-06-05 18:37:16 INFO  Main:255 - Look entities for: [person,make,computer_program_programming_language]
2017-06-05 18:37:16 INFO  Main:255 - Look entities for: [computer_program,use,programming_language]
2017-06-05 18:37:16 INFO  Main:241 - =============Create triples=======================
2017-06-05 18:37:16 INFO  Main:108 - Triple: [http://dbpedia.org/resource/Computer_program]  [http://dbpedia.org/resource/Programming_language]
2017-06-05 18:37:16 INFO  Main:243 - =============Search/create relation=======================
2017-06-05 18:37:16 INFO  Main:306 - ============look for a topic==============================
2017-06-05 18:37:16 INFO  TopicWS:81 - topic - technology and computing
2017-06-05 18:37:16 INFO  TopicWS:81 - topic - hardware
2017-06-05 18:37:16 INFO  TopicWS:81 - topic - computer
2017-06-05 18:37:16 INFO  Utility:261 - topicSize = 2
2017-06-05 18:37:16 INFO  Utility:263 - adding subtopic: hardware
2017-06-05 18:37:16 INFO  Utility:263 - adding subtopic: technology_and_computing
2017-06-05 18:37:16 INFO  Main:314 - =============Create and write model=======================
2017-06-05 18:37:16 INFO  Utility:137 - sameAs (subject) = computer_program
2017-06-05 18:37:16 INFO  Utility:143 - sameAs (argument) = programming_language
2017-06-05 18:37:16 INFO  Utility:160 - Property: http://tamps.cinvestav.com.mx/property/#use
2017-06-05 18:37:16 INFO  Utility:218 - (docQuad) Property: http://tamps.cinvestav.com.mx/property/#use
2017-06-05 18:37:16 INFO  Main:329 - =============Triples=======================
2017-06-05 18:37:16 INFO  Main:232 - no URL triple for: [person,make,computer_program_programming_language]
2017-06-05 18:37:16 INFO  Main:232 - [[http://dbpedia.org/resource/Computer_program],http://tamps.cinvestav.com.mx/property/#use,[http://dbpedia.org/resource/Programming_language]]
2017-06-05 18:37:16 INFO  Main:158 - 

	Processing sentence (2-10) : programmer be also call software developer , coder , or hacker
2017-06-05 18:37:17 INFO  Main:384 - CLAUSIE PROPOSITIONS
2017-06-05 18:37:17 INFO  Main:180 - There are no elements in clsTriples varibale
2017-06-05 18:37:17 INFO  Main:158 - 

	Processing sentence (3-10) : a programmer's main job be write program source code , testing if it work , and debugging (fix) the program if there be problem .
2017-06-05 18:37:19 INFO  Main:384 - CLAUSIE PROPOSITIONS
2017-06-05 18:37:19 INFO  Main:400 - 	(a programmer,has,main job)
2017-06-05 18:37:19 INFO  Main:400 - 	(a programmer 's main job,be write,program source code)
2017-06-05 18:37:19 INFO  Main:400 - 	(a programmer 's main job,be debugging,the program if there be problem)
2017-06-05 18:37:19 INFO  Main:400 - 	(a programmer 's main job,be testing,if it work)
2017-06-05 18:37:19 INFO  Main:365 - ==Deleting triple: programmer_job,be testing,if it work
2017-06-05 18:37:19 INFO  EntityOpts:105 - Text = programmer
2017-06-05 18:37:19 INFO  EntityOpts:106 - Uris = [http://dbpedia.org/resource/Programmer]
2017-06-05 18:37:19 INFO  EntityOpts:105 - Text = problem
2017-06-05 18:37:19 INFO  EntityOpts:106 - Uris = [http://dbpedia.org/resource/Problem]
2017-06-05 18:37:19 INFO  EntityOpts:105 - Text = assembly language
2017-06-05 18:37:19 INFO  EntityOpts:106 - Uris = [http://dbpedia.org/resource/Assembly_language]
2017-06-05 18:37:19 INFO  EntityOpts:105 - Text = code
2017-06-05 18:37:19 INFO  EntityOpts:106 - Uris = [http://dbpedia.org/resource/Code]
2017-06-05 18:37:19 INFO  EntityOpts:105 - Text = interpreter
2017-06-05 18:37:19 INFO  EntityOpts:106 - Uris = [http://dbpedia.org/resource/Interpreter_(computing)]
2017-06-05 18:37:19 INFO  EntityOpts:105 - Text = compiler
2017-06-05 18:37:19 INFO  EntityOpts:106 - Uris = [http://dbpedia.org/resource/Compiler]
2017-06-05 18:37:19 INFO  EntityOpts:105 - Text = job
2017-06-05 18:37:19 INFO  EntityOpts:106 - Uris = [http://dbpedia.org/resource/Job]
2017-06-05 18:37:19 INFO  EntityOpts:105 - Text = programming language
2017-06-05 18:37:19 INFO  EntityOpts:106 - Uris = [http://dbpedia.org/resource/Programming_language]
2017-06-05 18:37:19 INFO  EntityOpts:105 - Text = computer program
2017-06-05 18:37:19 INFO  EntityOpts:106 - Uris = [http://dbpedia.org/resource/Computer_program]
2017-06-05 18:37:19 INFO  EntityOpts:105 - Text = free software
2017-06-05 18:37:19 INFO  EntityOpts:106 - Uris = [http://dbpedia.org/resource/Free_software]
2017-06-05 18:37:19 INFO  EntityOpts:105 - Text = source code
2017-06-05 18:37:19 INFO  EntityOpts:106 - Uris = [http://dbpedia.org/resource/Source_code]
2017-06-05 18:37:19 INFO  EntityOpts:105 - Text = source code
2017-06-05 18:37:19 INFO  EntityOpts:106 - Uris = [http://dbpedia.org/resource/Source_code]
2017-06-05 18:37:19 INFO  Main:230 - =============Search and create type triples =======================
2017-06-05 18:37:20 INFO  QueryWiBi:78 - content: 
2017-06-05 18:37:20 INFO  QueryWiBi:82 -    [http://wibitaxonomy.org/Person]
2017-06-05 18:37:20 INFO  QueryWiBi:78 - content: 
2017-06-05 18:37:20 INFO  QueryWiBi:82 -    [http://wibitaxonomy.org/Impediment, http://wibitaxonomy.org/Obstacle, http://wibitaxonomy.org/Challenge_(TV_channel)]
2017-06-05 18:37:21 INFO  QueryWiBi:78 - content: 
2017-06-05 18:37:21 INFO  QueryWiBi:82 -    [http://wibitaxonomy.org/Language]
2017-06-05 18:37:21 INFO  QueryWiBi:78 - content: 
2017-06-05 18:37:21 INFO  QueryWiBi:82 -    [http://wibitaxonomy.org/Rules_of_chess]
2017-06-05 18:37:21 INFO  QueryWiBi:78 - content: 
2017-06-05 18:37:21 INFO  QueryWiBi:82 -    [http://wibitaxonomy.org/Person]
2017-06-05 18:37:21 INFO  QueryWiBi:78 - content: 
2017-06-05 18:37:21 INFO  QueryWiBi:82 -    [http://wibitaxonomy.org/Computer_Program]
2017-06-05 18:37:22 INFO  UtilsWS:124 - WiBi does not return something for: job
2017-06-05 18:37:22 INFO  QueryWiBi:78 - content: 
2017-06-05 18:37:22 INFO  QueryWiBi:82 -    [http://wibitaxonomy.org/Formal_language]
2017-06-05 18:37:22 INFO  QueryWiBi:78 - content: 
2017-06-05 18:37:22 INFO  QueryWiBi:82 -    [http://wibitaxonomy.org/Sequence]
2017-06-05 18:37:23 INFO  QueryWiBi:78 - content: 
2017-06-05 18:37:23 INFO  QueryWiBi:82 -    [http://wibitaxonomy.org/Software]
2017-06-05 18:37:23 INFO  QueryWiBi:78 - content: 
2017-06-05 18:37:23 INFO  QueryWiBi:82 -    [http://wibitaxonomy.org/Instruction_(computer_science)]
2017-06-05 18:37:23 INFO  QueryWiBi:78 - content: 
2017-06-05 18:37:23 INFO  QueryWiBi:82 -    [http://wibitaxonomy.org/Instruction_(computer_science)]
2017-06-05 18:37:23 INFO  Main:239 - =============look for named entities=======================
2017-06-05 18:37:23 INFO  Main:255 - Look entities for: [programmer,has,job]
2017-06-05 18:37:23 INFO  Main:255 - Look entities for: [programmer_job,be write,program_source_code]
2017-06-05 18:37:23 INFO  Main:285 - adding new entity (argument): program
2017-06-05 18:37:23 INFO  Main:255 - Look entities for: [programmer_job,be debugging,program_problem]
2017-06-05 18:37:23 INFO  Main:285 - adding new entity (argument): program
2017-06-05 18:37:23 INFO  Main:255 - Look entities for: [programmer_job,be testing,if it work]
2017-06-05 18:37:23 INFO  Main:241 - =============Create triples=======================
2017-06-05 18:37:23 INFO  Main:108 - Triple: [http://dbpedia.org/resource/Programmer]  [http://dbpedia.org/resource/Job]
2017-06-05 18:37:23 INFO  Main:108 - Triple: [http://dbpedia.org/resource/Programmer, http://dbpedia.org/resource/Job]  [http://dbpedia.org/resource/Source_code, http://tamps.cinvestav.com.mx/resource/#program]
2017-06-05 18:37:23 INFO  Main:108 - Triple: [http://dbpedia.org/resource/Programmer, http://dbpedia.org/resource/Job]  [http://tamps.cinvestav.com.mx/resource/#program, http://dbpedia.org/resource/Problem]
2017-06-05 18:37:23 INFO  Main:243 - =============Search/create relation=======================
2017-06-05 18:37:23 INFO  Main:306 - ============look for a topic==============================
2017-06-05 18:37:24 INFO  TopicWS:81 - topic - technology and computing
2017-06-05 18:37:24 INFO  TopicWS:81 - topic - programming languages
2017-06-05 18:37:24 INFO  TopicWS:81 - topic - c and c++
2017-06-05 18:37:24 INFO  Utility:261 - topicSize = 2
2017-06-05 18:37:24 INFO  Utility:263 - adding subtopic: programming_languages
2017-06-05 18:37:24 INFO  Utility:263 - adding subtopic: technology_and_computing
2017-06-05 18:37:24 INFO  Main:314 - =============Create and write model=======================
2017-06-05 18:37:24 INFO  Utility:137 - sameAs (subject) = programmer
2017-06-05 18:37:24 INFO  Utility:143 - sameAs (argument) = job
2017-06-05 18:37:24 INFO  Utility:160 - Property: http://tamps.cinvestav.com.mx/property/#has
2017-06-05 18:37:24 INFO  Utility:218 - (docQuad) Property: http://tamps.cinvestav.com.mx/property/#has
2017-06-05 18:37:24 INFO  Utility:160 - Property: http://tamps.cinvestav.com.mx/property/#bewrite
2017-06-05 18:37:24 INFO  Utility:218 - (docQuad) Property: http://tamps.cinvestav.com.mx/property/#bewrite
2017-06-05 18:37:24 INFO  Utility:160 - Property: http://tamps.cinvestav.com.mx/property/#bedebugging
2017-06-05 18:37:24 INFO  Utility:218 - (docQuad) Property: http://tamps.cinvestav.com.mx/property/#bedebugging
2017-06-05 18:37:24 INFO  Main:329 - =============Triples=======================
2017-06-05 18:37:24 INFO  Main:232 - [[http://dbpedia.org/resource/Programmer],http://tamps.cinvestav.com.mx/property/#has,[http://dbpedia.org/resource/Job]]
2017-06-05 18:37:24 INFO  Main:232 - [[http://dbpedia.org/resource/Programmer, http://dbpedia.org/resource/Job],http://tamps.cinvestav.com.mx/property/#bewrite,[http://dbpedia.org/resource/Source_code, http://tamps.cinvestav.com.mx/resource/#program]]
2017-06-05 18:37:24 INFO  Main:232 - [[http://dbpedia.org/resource/Programmer, http://dbpedia.org/resource/Job],http://tamps.cinvestav.com.mx/property/#bedebugging,[http://tamps.cinvestav.com.mx/resource/#program, http://dbpedia.org/resource/Problem]]
2017-06-05 18:37:24 INFO  Main:232 - no URL triple for: [programmer_job,be testing,if it work]
2017-06-05 18:37:24 INFO  Main:158 - 

	Processing sentence (4-10) : programmer often use software tool such as text editor and ides ( integrated development environment ) to help they work 
2017-06-05 18:37:25 INFO  Main:384 - CLAUSIE PROPOSITIONS
2017-06-05 18:37:25 INFO  Main:400 - 	(programmer,use,software tool such as text editor and ides to help they work often)
2017-06-05 18:37:25 INFO  Main:400 - 	(programmer,use,software tool such as text editor and ides to help they work)
2017-06-05 18:37:25 INFO  Main:400 - 	(software tool such as text editor and ides,is,integrated development environment)
2017-06-05 18:37:26 INFO  EntityOpts:105 - Text = text editor
2017-06-05 18:37:26 INFO  EntityOpts:106 - Uris = [http://dbpedia.org/resource/Text_editor]
2017-06-05 18:37:26 INFO  EntityOpts:105 - Text = integrated development environment
2017-06-05 18:37:26 INFO  EntityOpts:106 - Uris = [http://dbpedia.org/resource/Integrated_development_environment]
2017-06-05 18:37:26 INFO  EntityOpts:105 - Text = software
2017-06-05 18:37:26 INFO  EntityOpts:106 - Uris = [http://dbpedia.org/resource/Software]
2017-06-05 18:37:26 INFO  EntityOpts:105 - Text = computer software
2017-06-05 18:37:26 INFO  EntityOpts:106 - Uris = [http://dbpedia.org/resource/Computer_software]
2017-06-05 18:37:26 INFO  EntityOpts:105 - Text = computer program
2017-06-05 18:37:26 INFO  EntityOpts:106 - Uris = [http://dbpedia.org/resource/Computer_program]
2017-06-05 18:37:26 INFO  EntityOpts:105 - Text = computer
2017-06-05 18:37:26 INFO  EntityOpts:106 - Uris = [http://dbpedia.org/resource/Computer]
2017-06-05 18:37:26 INFO  EntityOpts:105 - Text = programmer
2017-06-05 18:37:26 INFO  EntityOpts:106 - Uris = [http://dbpedia.org/resource/Programmer]
2017-06-05 18:37:26 INFO  EntityOpts:105 - Text = integrated development environment
2017-06-05 18:37:26 INFO  EntityOpts:106 - Uris = [http://dbpedia.org/resource/Integrated_development_environment]
2017-06-05 18:37:26 INFO  EntityOpts:105 - Text = tool
2017-06-05 18:37:26 INFO  EntityOpts:106 - Uris = [http://dbpedia.org/resource/Tool]
2017-06-05 18:37:26 INFO  Main:230 - =============Search and create type triples =======================
2017-06-05 18:37:26 INFO  QueryWiBi:78 - content: 
2017-06-05 18:37:26 INFO  QueryWiBi:82 -    [http://wibitaxonomy.org/Program_(computing)]
2017-06-05 18:37:26 INFO  QueryWiBi:78 - content: 
2017-06-05 18:37:26 INFO  QueryWiBi:82 -    [http://wibitaxonomy.org/Software_application]
2017-06-05 18:37:27 INFO  QueryWiBi:78 - content: 
2017-06-05 18:37:27 INFO  QueryWiBi:82 -    [http://wibitaxonomy.org/Program_(computing)]
2017-06-05 18:37:27 INFO  QueryWiBi:78 - content: 
2017-06-05 18:37:27 INFO  QueryWiBi:82 -    [http://wibitaxonomy.org/Company_(law)]
2017-06-05 18:37:27 INFO  QueryWiBi:78 - content: 
2017-06-05 18:37:27 INFO  QueryWiBi:82 -    [http://wibitaxonomy.org/Sequence]
2017-06-05 18:37:28 INFO  QueryWiBi:78 - content: 
2017-06-05 18:37:28 INFO  QueryWiBi:82 -    [http://wibitaxonomy.org/Peripheral_device]
2017-06-05 18:37:28 INFO  QueryWiBi:78 - content: 
2017-06-05 18:37:28 INFO  QueryWiBi:82 -    [http://wibitaxonomy.org/Person]
2017-06-05 18:37:28 INFO  QueryWiBi:78 - content: 
2017-06-05 18:37:28 INFO  QueryWiBi:82 -    [http://wibitaxonomy.org/Software_application]
2017-06-05 18:37:29 INFO  QueryWiBi:78 - content: 
2017-06-05 18:37:29 INFO  QueryWiBi:82 -    [http://wibitaxonomy.org/Computer]
2017-06-05 18:37:29 INFO  Main:239 - =============look for named entities=======================
2017-06-05 18:37:29 INFO  Main:255 - Look entities for: [programmer,use,software_tool_text_editor_ides]
2017-06-05 18:37:29 INFO  Main:285 - adding new entity (argument): ides
2017-06-05 18:37:29 INFO  Main:255 - Look entities for: [programmer,use,software_tool_text_editor_ides]
2017-06-05 18:37:29 INFO  Main:285 - adding new entity (argument): ides
2017-06-05 18:37:29 INFO  Main:255 - Look entities for: [software_tool_text_editor_ides,is,development_environment]
2017-06-05 18:37:29 INFO  Main:277 - adding new entity (subject): ides
2017-06-05 18:37:29 INFO  Main:285 - adding new entity (argument): development_environment
2017-06-05 18:37:29 INFO  Main:241 - =============Create triples=======================
2017-06-05 18:37:29 INFO  Main:108 - Triple: [http://dbpedia.org/resource/Programmer]  [http://dbpedia.org/resource/Text_editor, http://tamps.cinvestav.com.mx/resource/#ides, http://dbpedia.org/resource/Software, http://dbpedia.org/resource/Tool]
2017-06-05 18:37:29 INFO  Main:108 - Triple: [http://dbpedia.org/resource/Programmer]  [http://dbpedia.org/resource/Text_editor, http://tamps.cinvestav.com.mx/resource/#ides, http://dbpedia.org/resource/Software, http://dbpedia.org/resource/Tool]
2017-06-05 18:37:29 INFO  Main:108 - Triple: [http://dbpedia.org/resource/Text_editor, http://tamps.cinvestav.com.mx/resource/#ides, http://dbpedia.org/resource/Software, http://dbpedia.org/resource/Tool]  [http://tamps.cinvestav.com.mx/resource/#development_environment]
2017-06-05 18:37:29 INFO  Main:243 - =============Search/create relation=======================
2017-06-05 18:37:29 INFO  Main:306 - ============look for a topic==============================
2017-06-05 18:37:29 INFO  TopicWS:81 - topic - technology and computing
2017-06-05 18:37:29 INFO  TopicWS:81 - topic - software
2017-06-05 18:37:29 INFO  Utility:261 - topicSize = 1
2017-06-05 18:37:29 INFO  Utility:263 - adding subtopic: technology_and_computing
2017-06-05 18:37:29 INFO  Main:314 - =============Create and write model=======================
2017-06-05 18:37:29 INFO  Utility:137 - sameAs (subject) = programmer
2017-06-05 18:37:29 INFO  Utility:160 - Property: http://tamps.cinvestav.com.mx/property/#use
2017-06-05 18:37:29 INFO  Utility:218 - (docQuad) Property: http://tamps.cinvestav.com.mx/property/#use
2017-06-05 18:37:29 INFO  Utility:137 - sameAs (subject) = programmer
2017-06-05 18:37:29 INFO  Utility:160 - Property: http://tamps.cinvestav.com.mx/property/#use
2017-06-05 18:37:29 INFO  Utility:218 - (docQuad) Property: http://tamps.cinvestav.com.mx/property/#use
2017-06-05 18:37:29 INFO  Utility:143 - sameAs (argument) = development_environment
2017-06-05 18:37:29 INFO  Utility:160 - Property: http://tamps.cinvestav.com.mx/property/#is
2017-06-05 18:37:29 INFO  Utility:218 - (docQuad) Property: http://tamps.cinvestav.com.mx/property/#is
2017-06-05 18:37:29 INFO  Main:329 - =============Triples=======================
2017-06-05 18:37:29 INFO  Main:232 - [[http://dbpedia.org/resource/Programmer],http://tamps.cinvestav.com.mx/property/#use,[http://dbpedia.org/resource/Text_editor, http://tamps.cinvestav.com.mx/resource/#ides, http://dbpedia.org/resource/Software, http://dbpedia.org/resource/Tool]]
2017-06-05 18:37:29 INFO  Main:232 - [[http://dbpedia.org/resource/Programmer],http://tamps.cinvestav.com.mx/property/#use,[http://dbpedia.org/resource/Text_editor, http://tamps.cinvestav.com.mx/resource/#ides, http://dbpedia.org/resource/Software, http://dbpedia.org/resource/Tool]]
2017-06-05 18:37:29 INFO  Main:232 - [[http://dbpedia.org/resource/Text_editor, http://tamps.cinvestav.com.mx/resource/#ides, http://dbpedia.org/resource/Software, http://dbpedia.org/resource/Tool],http://tamps.cinvestav.com.mx/property/#is,[http://tamps.cinvestav.com.mx/resource/#development_environment]]
2017-06-05 18:37:29 INFO  Main:158 - 

	Processing sentence (5-10) : computer programming be a profession that can be do from a computer anywhere in the world 
2017-06-05 18:37:30 INFO  Main:384 - CLAUSIE PROPOSITIONS
2017-06-05 18:37:30 INFO  Main:400 - 	(a profession,can be do,from a computer anywhere in the world)
2017-06-05 18:37:30 INFO  Main:400 - 	(a profession,can be do,from a computer)
2017-06-05 18:37:31 INFO  EntityOpts:105 - Text = software engineering
2017-06-05 18:37:31 INFO  EntityOpts:106 - Uris = [http://dbpedia.org/resource/Software_engineering]
2017-06-05 18:37:31 INFO  EntityOpts:105 - Text = computer programming
2017-06-05 18:37:31 INFO  EntityOpts:106 - Uris = [http://dbpedia.org/resource/Computer_programming]
2017-06-05 18:37:31 INFO  EntityOpts:105 - Text = computer
2017-06-05 18:37:31 INFO  EntityOpts:106 - Uris = [http://dbpedia.org/resource/Computer]
2017-06-05 18:37:31 INFO  EntityOpts:105 - Text = programming language
2017-06-05 18:37:31 INFO  EntityOpts:106 - Uris = [http://dbpedia.org/resource/Programming_language]
2017-06-05 18:37:31 INFO  EntityOpts:105 - Text = computer
2017-06-05 18:37:31 INFO  EntityOpts:106 - Uris = [http://dbpedia.org/resource/Computer]
2017-06-05 18:37:31 INFO  EntityOpts:105 - Text = computer programming
2017-06-05 18:37:31 INFO  EntityOpts:106 - Uris = [http://dbpedia.org/resource/Computer_programming]
2017-06-05 18:37:31 INFO  EntityOpts:105 - Text = computer
2017-06-05 18:37:31 INFO  EntityOpts:106 - Uris = [http://dbpedia.org/resource/Computer]
2017-06-05 18:37:31 INFO  EntityOpts:105 - Text = computer program
2017-06-05 18:37:31 INFO  EntityOpts:106 - Uris = [http://dbpedia.org/resource/Computer_program]
2017-06-05 18:37:31 INFO  EntityOpts:105 - Text = world
2017-06-05 18:37:31 INFO  EntityOpts:106 - Uris = [http://dbpedia.org/resource/World]
2017-06-05 18:37:31 INFO  EntityOpts:105 - Text = algorithm
2017-06-05 18:37:31 INFO  EntityOpts:106 - Uris = [http://dbpedia.org/resource/Algorithm]
2017-06-05 18:37:31 INFO  EntityOpts:105 - Text = programmer
2017-06-05 18:37:31 INFO  EntityOpts:106 - Uris = [http://dbpedia.org/resource/Programmer]
2017-06-05 18:37:31 INFO  EntityOpts:105 - Text = profession
2017-06-05 18:37:31 INFO  EntityOpts:106 - Uris = [http://dbpedia.org/resource/Profession]
2017-06-05 18:37:31 INFO  Main:230 - =============Search and create type triples =======================
2017-06-05 18:37:31 INFO  QueryWiBi:78 - content: 
2017-06-05 18:37:31 INFO  QueryWiBi:82 -    [http://wibitaxonomy.org/Application_(software)]
2017-06-05 18:37:31 INFO  QueryWiBi:78 - content: 
2017-06-05 18:37:31 INFO  QueryWiBi:82 -    [http://wibitaxonomy.org/Process_(science)]
2017-06-05 18:37:32 INFO  QueryWiBi:78 - content: 
2017-06-05 18:37:32 INFO  QueryWiBi:82 -    [http://wibitaxonomy.org/Peripheral_device]
2017-06-05 18:37:32 INFO  QueryWiBi:78 - content: 
2017-06-05 18:37:32 INFO  QueryWiBi:82 -    [http://wibitaxonomy.org/Formal_language]
2017-06-05 18:37:32 INFO  QueryWiBi:78 - content: 
2017-06-05 18:37:32 INFO  QueryWiBi:82 -    [http://wibitaxonomy.org/Peripheral_device]
2017-06-05 18:37:32 INFO  QueryWiBi:78 - content: 
2017-06-05 18:37:32 INFO  QueryWiBi:82 -    [http://wibitaxonomy.org/Process_(science)]
2017-06-05 18:37:33 INFO  QueryWiBi:78 - content: 
2017-06-05 18:37:33 INFO  QueryWiBi:82 -    [http://wibitaxonomy.org/Peripheral_device]
2017-06-05 18:37:33 INFO  QueryWiBi:78 - content: 
2017-06-05 18:37:33 INFO  QueryWiBi:82 -    [http://wibitaxonomy.org/Sequence]
2017-06-05 18:37:33 INFO  QueryWiBi:78 - content: 
2017-06-05 18:37:33 INFO  QueryWiBi:82 -    [http://wibitaxonomy.org/Champion]
2017-06-05 18:37:34 INFO  QueryWiBi:78 - content: 
2017-06-05 18:37:34 INFO  QueryWiBi:82 -    [http://wibitaxonomy.org/Procedure_(computing)]
2017-06-05 18:37:34 INFO  QueryWiBi:78 - content: 
2017-06-05 18:37:34 INFO  QueryWiBi:82 -    [http://wibitaxonomy.org/Person]
2017-06-05 18:37:34 INFO  QueryWiBi:78 - content: 
2017-06-05 18:37:34 INFO  QueryWiBi:82 -    [http://wibitaxonomy.org/Vocation]
2017-06-05 18:37:34 INFO  Main:239 - =============look for named entities=======================
2017-06-05 18:37:34 INFO  Main:255 - Look entities for: [profession,can be do,computer_world]
2017-06-05 18:37:34 INFO  Main:255 - Look entities for: [profession,can be do,computer]
2017-06-05 18:37:34 INFO  Main:241 - =============Create triples=======================
2017-06-05 18:37:34 INFO  Main:108 - Triple: [http://dbpedia.org/resource/Profession]  [http://dbpedia.org/resource/Computer, http://dbpedia.org/resource/World]
2017-06-05 18:37:34 INFO  Main:108 - Triple: [http://dbpedia.org/resource/Profession]  [http://dbpedia.org/resource/Computer]
2017-06-05 18:37:34 INFO  Main:243 - =============Search/create relation=======================
2017-06-05 18:37:34 INFO  Main:306 - ============look for a topic==============================
2017-06-05 18:37:35 INFO  TopicWS:81 - topic - technology and computing
2017-06-05 18:37:35 INFO  TopicWS:81 - topic - hardware
2017-06-05 18:37:35 INFO  TopicWS:81 - topic - computer
2017-06-05 18:37:35 INFO  Utility:261 - topicSize = 2
2017-06-05 18:37:35 INFO  Utility:263 - adding subtopic: hardware
2017-06-05 18:37:35 INFO  Utility:263 - adding subtopic: technology_and_computing
2017-06-05 18:37:35 INFO  Main:314 - =============Create and write model=======================
2017-06-05 18:37:35 INFO  Utility:137 - sameAs (subject) = profession
2017-06-05 18:37:35 INFO  Utility:160 - Property: http://tamps.cinvestav.com.mx/property/#canbedo
2017-06-05 18:37:35 INFO  Utility:218 - (docQuad) Property: http://tamps.cinvestav.com.mx/property/#canbedo
2017-06-05 18:37:35 INFO  Utility:137 - sameAs (subject) = profession
2017-06-05 18:37:35 INFO  Utility:143 - sameAs (argument) = computer
2017-06-05 18:37:35 INFO  Utility:160 - Property: http://tamps.cinvestav.com.mx/property/#canbedo
2017-06-05 18:37:35 INFO  Utility:218 - (docQuad) Property: http://tamps.cinvestav.com.mx/property/#canbedo
2017-06-05 18:37:35 INFO  Main:329 - =============Triples=======================
2017-06-05 18:37:35 INFO  Main:232 - [[http://dbpedia.org/resource/Profession],http://tamps.cinvestav.com.mx/property/#canbedo,[http://dbpedia.org/resource/Computer, http://dbpedia.org/resource/World]]
2017-06-05 18:37:35 INFO  Main:232 - [[http://dbpedia.org/resource/Profession],http://tamps.cinvestav.com.mx/property/#canbedo,[http://dbpedia.org/resource/Computer]]
2017-06-05 18:37:35 INFO  Main:158 - 

	Processing sentence (6-10) : this be call `` telecommuting '' - do work on the internet instead of in a office .
2017-06-05 18:37:35 INFO  Main:384 - CLAUSIE PROPOSITIONS
2017-06-05 18:37:35 INFO  Main:400 - 	(this,be,call telecommuting do work on the internet instead of in a office)
2017-06-05 18:37:35 INFO  Main:365 - ==Deleting triple: this,be,call telecommuting do work on the internet instead of in a office
2017-06-05 18:37:35 INFO  Main:180 - There are no elements in clsTriples varibale
2017-06-05 18:37:35 INFO  Main:158 - 

	Processing sentence (7-10) : some programmer be famous because they software be use by many people . 
2017-06-05 18:37:36 INFO  Main:384 - CLAUSIE PROPOSITIONS
2017-06-05 18:37:36 INFO  Main:400 - 	(some programmer,be,famous because they software be use by many people)
2017-06-05 18:37:38 INFO  EntityOpts:105 - Text = software
2017-06-05 18:37:38 INFO  EntityOpts:106 - Uris = [http://dbpedia.org/resource/Software]
2017-06-05 18:37:38 INFO  EntityOpts:105 - Text = computer software
2017-06-05 18:37:38 INFO  EntityOpts:106 - Uris = [http://dbpedia.org/resource/Computer_software]
2017-06-05 18:37:38 INFO  Main:230 - =============Search and create type triples =======================
2017-06-05 18:37:39 INFO  QueryWiBi:78 - content: 
2017-06-05 18:37:39 INFO  QueryWiBi:82 -    [http://wibitaxonomy.org/Program_(computing)]
2017-06-05 18:37:39 INFO  QueryWiBi:78 - content: 
2017-06-05 18:37:39 INFO  QueryWiBi:82 -    [http://wibitaxonomy.org/Company_(law)]
2017-06-05 18:37:39 INFO  Main:239 - =============look for named entities=======================
2017-06-05 18:37:39 INFO  Main:255 - Look entities for: [programmer,be,use_people]
2017-06-05 18:37:39 INFO  Main:285 - adding new entity (argument): use_people
2017-06-05 18:37:39 INFO  Main:241 - =============Create triples=======================
2017-06-05 18:37:39 INFO  Main:243 - =============Search/create relation=======================
2017-06-05 18:37:39 INFO  Main:306 - ============look for a topic==============================
2017-06-05 18:37:39 INFO  TopicWS:81 - topic - technology and computing
2017-06-05 18:37:39 INFO  TopicWS:81 - topic - software
2017-06-05 18:37:39 INFO  Utility:261 - topicSize = 1
2017-06-05 18:37:39 INFO  Utility:263 - adding subtopic: technology_and_computing
2017-06-05 18:37:39 INFO  Main:314 - =============Create and write model=======================
2017-06-05 18:37:39 INFO  Main:329 - =============Triples=======================
2017-06-05 18:37:39 INFO  Main:232 - no URL triple for: [programmer,be,use_people]
2017-06-05 18:37:39 INFO  Main:158 - 

	Processing sentence (8-10) : one example be linus torvalds , who create a important part of the linux operating system . 
2017-06-05 18:37:40 INFO  Main:384 - CLAUSIE PROPOSITIONS
2017-06-05 18:37:40 INFO  Main:400 - 	(one example,be,linus torvalds)
2017-06-05 18:37:40 INFO  Main:400 - 	(linus torvalds,create,a important part of the linux operating system)
2017-06-05 18:37:41 INFO  EntityOpts:105 - Text = linus torvalds
2017-06-05 18:37:41 INFO  EntityOpts:106 - Uris = [http://dbpedia.org/resource/Linus_Torvalds]
2017-06-05 18:37:41 INFO  EntityOpts:105 - Text = richard stallman
2017-06-05 18:37:41 INFO  EntityOpts:106 - Uris = [http://dbpedia.org/resource/Richard_Stallman]
2017-06-05 18:37:41 INFO  EntityOpts:105 - Text = operating system
2017-06-05 18:37:41 INFO  EntityOpts:106 - Uris = [http://dbpedia.org/resource/Operating_system]
2017-06-05 18:37:41 INFO  EntityOpts:105 - Text = tux
2017-06-05 18:37:41 INFO  EntityOpts:106 - Uris = [http://dbpedia.org/resource/Tux]
2017-06-05 18:37:41 INFO  EntityOpts:105 - Text = unix-like
2017-06-05 18:37:41 INFO  EntityOpts:106 - Uris = [http://dbpedia.org/resource/Unix-like]
2017-06-05 18:37:41 INFO  EntityOpts:105 - Text = linus' law
2017-06-05 18:37:41 INFO  EntityOpts:106 - Uris = [http://dbpedia.org/resource/Linus'_Law]
2017-06-05 18:37:41 INFO  EntityOpts:105 - Text = linus torvalds
2017-06-05 18:37:41 INFO  EntityOpts:106 - Uris = [http://dbpedia.org/resource/Linus_Torvalds]
2017-06-05 18:37:41 INFO  EntityOpts:105 - Text = linux
2017-06-05 18:37:41 INFO  EntityOpts:106 - Uris = [http://dbpedia.org/resource/Linux]
2017-06-05 18:37:41 INFO  EntityOpts:105 - Text = torvalds
2017-06-05 18:37:41 INFO  EntityOpts:106 - Uris = [http://dbpedia.org/resource/Torvalds]
2017-06-05 18:37:41 INFO  EntityOpts:105 - Text = university of helsinki
2017-06-05 18:37:41 INFO  EntityOpts:106 - Uris = [http://dbpedia.org/resource/University_of_Helsinki]
2017-06-05 18:37:41 INFO  EntityOpts:105 - Text = linux kernel
2017-06-05 18:37:41 INFO  EntityOpts:106 - Uris = [http://dbpedia.org/resource/Linux_kernel]
2017-06-05 18:37:41 INFO  Main:230 - =============Search and create type triples =======================
2017-06-05 18:37:42 INFO  UtilsWS:124 - WiBi does not return something for: linus torvalds
2017-06-05 18:37:42 INFO  UtilsWS:124 - WiBi does not return something for: richard stallman
2017-06-05 18:37:42 INFO  QueryWiBi:78 - content: 
2017-06-05 18:37:42 INFO  QueryWiBi:82 -    [http://wibitaxonomy.org/Software]
2017-06-05 18:37:43 INFO  QueryWiBi:78 - content: 
2017-06-05 18:37:43 INFO  QueryWiBi:82 -    [http://wibitaxonomy.org/Mascot, http://wibitaxonomy.org/Character_(arts)]
2017-06-05 18:37:43 INFO  QueryWiBi:78 - content: 
2017-06-05 18:37:43 INFO  QueryWiBi:82 -    [http://wibitaxonomy.org/One_(number)]
2017-06-05 18:37:43 INFO  UtilsWS:124 - WiBi does not return something for: linus' law
2017-06-05 18:37:43 INFO  UtilsWS:124 - WiBi does not return something for: linus torvalds
2017-06-05 18:37:44 INFO  QueryWiBi:78 - content: 
2017-06-05 18:37:44 INFO  QueryWiBi:82 -    [http://wibitaxonomy.org/Computer_operating_system]
2017-06-05 18:37:44 INFO  QueryWiBi:78 - content: 
2017-06-05 18:37:44 INFO  QueryWiBi:82 -    [http://wibitaxonomy.org/Name]
2017-06-05 18:37:44 INFO  UtilsWS:124 - WiBi does not return something for: university of helsinki
2017-06-05 18:37:45 INFO  QueryWiBi:78 - content: 
2017-06-05 18:37:45 INFO  QueryWiBi:82 -    [http://wibitaxonomy.org/Kernel_(computing)]
2017-06-05 18:37:45 INFO  Main:239 - =============look for named entities=======================
2017-06-05 18:37:45 INFO  Main:255 - Look entities for: [example,be,torvalds]
2017-06-05 18:37:45 INFO  Main:255 - Look entities for: [torvalds,create,part_linux_system]
2017-06-05 18:37:45 INFO  Main:285 - adding new entity (argument): part_system
2017-06-05 18:37:45 INFO  Main:241 - =============Create triples=======================
2017-06-05 18:37:45 INFO  Main:108 - Triple: [http://dbpedia.org/resource/Torvalds]  [http://tamps.cinvestav.com.mx/resource/#part_system, http://dbpedia.org/resource/Linux]
2017-06-05 18:37:45 INFO  Main:243 - =============Search/create relation=======================
2017-06-05 18:37:45 INFO  Main:306 - ============look for a topic==============================
2017-06-05 18:37:45 INFO  TopicWS:81 - topic - technology and computing
2017-06-05 18:37:45 INFO  TopicWS:81 - topic - operating systems
2017-06-05 18:37:45 INFO  TopicWS:81 - topic - linux
2017-06-05 18:37:45 INFO  Utility:261 - topicSize = 2
2017-06-05 18:37:45 INFO  Utility:263 - adding subtopic: operating_systems
2017-06-05 18:37:45 INFO  Utility:263 - adding subtopic: technology_and_computing
2017-06-05 18:37:45 INFO  Main:314 - =============Create and write model=======================
2017-06-05 18:37:45 INFO  Utility:137 - sameAs (subject) = torvalds
2017-06-05 18:37:45 INFO  Utility:160 - Property: http://tamps.cinvestav.com.mx/property/#create
2017-06-05 18:37:45 INFO  Utility:218 - (docQuad) Property: http://tamps.cinvestav.com.mx/property/#create
2017-06-05 18:37:45 INFO  Main:329 - =============Triples=======================
2017-06-05 18:37:45 INFO  Main:232 - no URL triple for: [example,be,torvalds]
2017-06-05 18:37:45 INFO  Main:232 - [[http://dbpedia.org/resource/Torvalds],http://tamps.cinvestav.com.mx/property/#create,[http://tamps.cinvestav.com.mx/resource/#part_system, http://dbpedia.org/resource/Linux]]
2017-06-05 18:37:45 INFO  Main:158 - 

	Processing sentence (9-10) : programming can be do in many different language and can look very different but do the same thing . 
2017-06-05 18:37:46 INFO  Main:384 - CLAUSIE PROPOSITIONS
2017-06-05 18:37:46 INFO  Main:400 - 	(programming,can be do,in many different language)
2017-06-05 18:37:46 INFO  Main:400 - 	(programming,can look,very different)
2017-06-05 18:37:46 INFO  Main:400 - 	(programming,do,the same thing)
2017-06-05 18:37:46 INFO  Main:365 - ==Deleting triple: programming,can look,very different
2017-06-05 18:37:47 INFO  EntityOpts:105 - Text = language
2017-06-05 18:37:47 INFO  EntityOpts:106 - Uris = [http://dbpedia.org/resource/Language]
2017-06-05 18:37:47 INFO  EntityOpts:105 - Text = programming language
2017-06-05 18:37:47 INFO  EntityOpts:106 - Uris = [http://dbpedia.org/resource/Programming_language]
2017-06-05 18:37:47 INFO  Main:230 - =============Search and create type triples =======================
2017-06-05 18:37:47 INFO  QueryWiBi:78 - content: 
2017-06-05 18:37:47 INFO  QueryWiBi:82 -    [http://wibitaxonomy.org/Dialect]
2017-06-05 18:37:48 INFO  QueryWiBi:78 - content: 
2017-06-05 18:37:48 INFO  QueryWiBi:82 -    [http://wibitaxonomy.org/Formal_language]
2017-06-05 18:37:48 INFO  Main:239 - =============look for named entities=======================
2017-06-05 18:37:48 INFO  Main:255 - Look entities for: [programming,can be do,language]
2017-06-05 18:37:48 INFO  Main:255 - Look entities for: [programming,can look,very different]
2017-06-05 18:37:48 INFO  Main:255 - Look entities for: [programming,do,thing]
2017-06-05 18:37:48 INFO  Main:241 - =============Create triples=======================
2017-06-05 18:37:48 INFO  Main:243 - =============Search/create relation=======================
2017-06-05 18:37:48 INFO  Main:306 - ============look for a topic==============================
2017-06-05 18:37:48 INFO  TopicWS:81 - topic - technology and computing
2017-06-05 18:37:48 INFO  TopicWS:81 - topic - programming languages
2017-06-05 18:37:48 INFO  Utility:261 - topicSize = 1
2017-06-05 18:37:48 INFO  Utility:263 - adding subtopic: technology_and_computing
2017-06-05 18:37:48 INFO  Main:314 - =============Create and write model=======================
2017-06-05 18:37:48 INFO  Main:329 - =============Triples=======================
2017-06-05 18:37:48 INFO  Main:232 - no URL triple for: [programming,can be do,language]
2017-06-05 18:37:48 INFO  Main:232 - no URL triple for: [programming,can look,very different]
2017-06-05 18:37:48 INFO  Main:232 - no URL triple for: [programming,do,thing]
2017-06-05 18:37:48 INFO  Main:158 - 

	Processing sentence (10-10) : a example of this be the hello world program . 
2017-06-05 18:37:49 INFO  Main:384 - CLAUSIE PROPOSITIONS
2017-06-05 18:37:49 INFO  Main:400 - 	(a example of this,be,the hello world program)
2017-06-05 18:37:50 INFO  EntityOpts:105 - Text = computer programming
2017-06-05 18:37:50 INFO  EntityOpts:106 - Uris = [http://dbpedia.org/resource/Computer_programming]
2017-06-05 18:37:50 INFO  EntityOpts:105 - Text = hello world program
2017-06-05 18:37:50 INFO  EntityOpts:106 - Uris = [http://dbpedia.org/resource/Hello_world_program]
2017-06-05 18:37:50 INFO  Main:230 - =============Search and create type triples =======================
2017-06-05 18:37:50 INFO  QueryWiBi:78 - content: 
2017-06-05 18:37:50 INFO  QueryWiBi:82 -    [http://wibitaxonomy.org/Process_(science)]
2017-06-05 18:37:50 INFO  QueryWiBi:78 - content: 
2017-06-05 18:37:50 INFO  QueryWiBi:82 -    [http://wibitaxonomy.org/Computer_Program]
2017-06-05 18:37:50 INFO  Main:239 - =============look for named entities=======================
2017-06-05 18:37:50 INFO  Main:255 - Look entities for: [example,be,world_program]
2017-06-05 18:37:50 INFO  Main:285 - adding new entity (argument): world_program
2017-06-05 18:37:50 INFO  Main:241 - =============Create triples=======================
2017-06-05 18:37:50 INFO  Main:243 - =============Search/create relation=======================
2017-06-05 18:37:50 INFO  Main:306 - ============look for a topic==============================
2017-06-05 18:37:51 INFO  TopicWS:81 - topic - technology and computing
2017-06-05 18:37:51 INFO  TopicWS:81 - topic - programming languages
2017-06-05 18:37:51 INFO  TopicWS:81 - topic - c and c++
2017-06-05 18:37:51 INFO  Utility:261 - topicSize = 2
2017-06-05 18:37:51 INFO  Utility:263 - adding subtopic: programming_languages
2017-06-05 18:37:51 INFO  Utility:263 - adding subtopic: technology_and_computing
2017-06-05 18:37:51 INFO  Main:314 - =============Create and write model=======================
2017-06-05 18:37:51 INFO  Main:329 - =============Triples=======================
2017-06-05 18:37:51 INFO  Main:232 - no URL triple for: [example,be,world_program]
2017-06-05 18:37:51 INFO  Main:343 - Saving information in: lemmatizeProgrammer.ttl
